2021-06-24 7:09:38 - PHP Notice:  Undefined index: api_token in /var/www/shoper/catalog/controller/startup/session.php on line 8
2021-06-24 7:13:36 - PHP Notice:  Undefined index: api_token in /var/www/shoper/catalog/controller/startup/session.php on line 8
2021-06-24 7:15:11 - PHP Notice:  Undefined index: api_token in /var/www/shoper/catalog/controller/startup/session.php on line 8
2021-06-24 7:15:37 - PHP Notice:  Undefined index: api_token in /var/www/shoper/catalog/controller/startup/session.php on line 8
2021-06-24 7:15:42 - PHP Notice:  Undefined index: api_token in /var/www/shoper/catalog/controller/startup/session.php on line 8
2021-06-24 7:15:50 - PHP Notice:  Undefined index: api_token in /var/www/shoper/catalog/controller/startup/session.php on line 8
2021-06-24 7:16:30 - PHP Notice:  Undefined index: api_token in /var/www/shoper/catalog/controller/startup/session.php on line 8
2021-06-24 7:19:48 - PHP Notice:  Undefined index: api_token in /var/www/shoper/catalog/controller/startup/session.php on line 8
2021-06-24 7:24:11 - PHP Notice:  Undefined index: api_id in /var/www/shoper/catalog/controller/api/logo.php on line 19
2021-06-24 7:28:21 - PHP Notice:  Undefined index: api_id in /var/www/shoper/catalog/controller/api/logo.php on line 19
2021-06-24 7:37:57 - PHP Notice:  Undefined index: api_token in /var/www/shoper/catalog/controller/startup/session.php on line 8
2021-06-24 7:44:19 - PHP Notice:  Undefined index: api_id in /var/www/shoper/catalog/controller/api/products.php on line 12
2021-06-24 7:59:56 - PHP Notice:  Undefined index: api_token in /var/www/shoper/catalog/controller/startup/session.php on line 8
2021-06-24 8:19:54 - PHP Notice:  Undefined index: username in /var/www/shoper/catalog/controller/api/logo.php on line 8
2021-06-24 8:19:54 - PHP Notice:  Undefined index: key in /var/www/shoper/catalog/controller/api/logo.php on line 8
2021-06-24 8:19:54 - PHP Notice:  Undefined index: key in /var/www/shoper/catalog/controller/api/logo.php on line 11
2021-06-24 8:20:51 - PHP Notice:  Undefined index: key in /var/www/shoper/catalog/controller/api/logo.php on line 11
2021-06-24 8:21:23 - PHP Notice:  Undefined index: username in /var/www/shoper/catalog/controller/api/logo.php on line 8
2021-06-24 8:21:23 - PHP Notice:  Undefined index: key in /var/www/shoper/catalog/controller/api/logo.php on line 8
2021-06-24 8:21:23 - PHP Notice:  Undefined index: key in /var/www/shoper/catalog/controller/api/logo.php on line 10
2021-06-24 8:25:33 - PHP Notice:  Undefined index: username in /var/www/shoper/catalog/controller/api/logo.php on line 8
2021-06-24 8:25:33 - PHP Notice:  Undefined index: key in /var/www/shoper/catalog/controller/api/logo.php on line 8
2021-06-24 8:25:33 - PHP Notice:  Undefined index: key in /var/www/shoper/catalog/controller/api/logo.php on line 10
2021-06-24 8:36:22 - PHP Notice:  Undefined index: username in /var/www/shoper/catalog/controller/api/logo.php on line 8
2021-06-24 8:36:47 - PHP Notice:  Undefined index: username in /var/www/shoper/catalog/controller/api/logo.php on line 8
2021-06-24 9:29:16 - PHP Notice:  Undefined index: api_token in /var/www/shoper/catalog/controller/startup/session.php on line 8
2021-06-24 10:16:03 - PHP Warning:  require(./ControllerApiBase): failed to open stream: No such file or directory in /var/www/shoper/catalog/controller/api/logo.php on line 2
2021-06-24 10:16:21 - PHP Warning:  require(ControllerApiBase): failed to open stream: No such file or directory in /var/www/shoper/catalog/controller/api/logo.php on line 2
2021-06-24 10:18:15 - PHP Warning:  require(./base.php): failed to open stream: No such file or directory in /var/www/shoper/catalog/controller/api/logo.php on line 2
2021-06-24 10:30:40 - PHP Notice:  Undefined index: id in /var/www/shoper/catalog/model/catalog/product.php on line 18
2021-06-24 10:30:40 - PHP Notice:  Undefined index: id in /var/www/shoper/catalog/model/catalog/product.php on line 18
2021-06-24 10:30:40 - PHP Notice:  Undefined index: id in /var/www/shoper/catalog/model/catalog/product.php on line 18
2021-06-24 10:30:40 - PHP Notice:  Undefined index: id in /var/www/shoper/catalog/model/catalog/product.php on line 18
2021-06-24 10:30:40 - PHP Notice:  Undefined index: id in /var/www/shoper/catalog/model/catalog/product.php on line 18
2021-06-24 10:30:40 - PHP Notice:  Undefined index: id in /var/www/shoper/catalog/model/catalog/product.php on line 18
2021-06-24 10:30:40 - PHP Notice:  Undefined index: id in /var/www/shoper/catalog/model/catalog/product.php on line 18
2021-06-24 10:30:40 - PHP Notice:  Undefined index: id in /var/www/shoper/catalog/model/catalog/product.php on line 18
2021-06-24 10:30:40 - PHP Notice:  Undefined index: id in /var/www/shoper/catalog/model/catalog/product.php on line 18
2021-06-24 10:30:40 - PHP Notice:  Undefined index: id in /var/www/shoper/catalog/model/catalog/product.php on line 18
2021-06-24 10:30:40 - PHP Notice:  Undefined index: id in /var/www/shoper/catalog/model/catalog/product.php on line 18
2021-06-24 10:30:40 - PHP Notice:  Undefined index: id in /var/www/shoper/catalog/model/catalog/product.php on line 18
2021-06-24 10:30:40 - PHP Notice:  Undefined index: id in /var/www/shoper/catalog/model/catalog/product.php on line 18
2021-06-24 10:30:40 - PHP Notice:  Undefined index: id in /var/www/shoper/catalog/model/catalog/product.php on line 18
2021-06-24 10:30:40 - PHP Notice:  Undefined index: id in /var/www/shoper/catalog/model/catalog/product.php on line 18
2021-06-24 10:30:40 - PHP Notice:  Undefined index: id in /var/www/shoper/catalog/model/catalog/product.php on line 18
2021-06-24 10:30:40 - PHP Notice:  Undefined index: id in /var/www/shoper/catalog/model/catalog/product.php on line 18
2021-06-24 10:30:40 - PHP Notice:  Undefined index: id in /var/www/shoper/catalog/model/catalog/product.php on line 18
2021-06-24 10:30:40 - PHP Notice:  Undefined index: id in /var/www/shoper/catalog/model/catalog/product.php on line 18
